2020-09-02 22:39:08,117 INFO: info message
2020-09-02 22:39:08,118 WARNING: warning message
2020-09-02 22:39:08,118 ERROR: error message
2020-09-02 22:39:08,118 CRITICAL: critical message
2020-09-02 22:39:08,136 INFO: logging in using static token
2020-09-02 22:39:08,193 INFO:  * Running on http://0.0.0.0:3042/ (Press CTRL+C to quit)
2020-09-02 22:39:08,844 INFO: Shard ID None has sent the IDENTIFY payload.
2020-09-02 22:39:09,188 INFO: Shard ID None has connected to Gateway: ["gateway-prd-main-31pd",{"micros":133497,"calls":["discord-sessions-prd-2-60",{"micros":132344,"calls":["start_session",{"micros":120847,"calls":["api-prd-main-rrp3",{"micros":118274,"calls":["get_user",{"micros":13334},"add_authorized_ip",{"micros":11752},"get_guilds",{"micros":16860},"coros_wait",{"micros":1}]}]},"guilds_connect",{"micros":2,"calls":[]},"presence_connect",{"micros":5127,"calls":[]}]}]}] (Session ID: c7a080f0d4836df8fe373dd328e8d629).
2020-09-02 22:39:12,268 INFO: Finished requesting guild member chunks for 1 guilds.
2020-09-02 22:39:23,182 Level 15: [<class 'discord.role.Role'>, 20, 20, 20, 1, 0, '20_09_02']
2020-09-02 22:39:23,191 Level 15: 20_09_02 =?= 20_09_02
2020-09-02 22:39:23,192 INFO: 涅 was token
2020-09-02 22:39:23,193 Level 15: no write and no update in SOP
2020-09-02 22:39:23,193 INFO: operation succ with 涅 on message
2020-09-02 22:39:23,454 Level 15: 20_09_02 =?= 20_09_02
2020-09-02 22:39:23,455 INFO: Blaz was token
2020-09-02 22:39:23,456 Level 15: no write and no update in SOP
2020-09-02 22:39:23,456 INFO: operation succ with Blaz on message
2020-09-02 22:39:44,463 INFO: Cleaning up tasks.
2020-09-02 22:39:44,465 INFO: Cleaning up after 3 tasks.
2020-09-02 22:39:44,492 INFO: All tasks finished cancelling.
2020-09-02 22:39:44,493 INFO: Closing the event loop.
